sih_mnrega_app/android/app/build/intermediates/manifest_merge_blame_file/release/manifest-merger-blame-release-report.txt
1<?xml version="1.0" encoding="utf-8"?>
2<manifest xmlns:android="http://schemas.android.com/apk/res/android"
3    package="com.mnrega_app"
4    android:versionCode="1"
5    android:versionName="1.0" >
6
7    <uses-sdk
8        android:minSdkVersion="21"
8-->src/main/AndroidManifest.xml
9        android:targetSdkVersion="31" />
9-->src/main/AndroidManifest.xml
10
11    <uses-permission android:name="android.permission.INTERNET" />
11-->src/main/AndroidManifest.xml:4:5-67
11-->src/main/AndroidManifest.xml:4:22-64
12    <uses-permission android:name="android.permission.CAMERA" />
12-->src/main/AndroidManifest.xml:5:5-65
12-->src/main/AndroidManifest.xml:5:22-62
13
14    <!-- optionally, if you want to record audio: -->
15    <uses-permission android:name="android.permission.RECORD_AUDIO" />
15-->src/main/AndroidManifest.xml:8:1-67
15-->src/main/AndroidManifest.xml:8:18-64
16    <uses-permission android:name="android.permission.WRITE_EXTERNAL_STORAGE" />
16-->[:react-native-fs] AndroidManifest.xml:9:5-81
16-->[:react-native-fs] AndroidManifest.xml:9:22-78
17
18    <queries>
18-->[androidx.camera:camera-extensions:1.1.0-beta02] AndroidManifest.xml:24:5-28:15
19        <intent>
19-->[androidx.camera:camera-extensions:1.1.0-beta02] AndroidManifest.xml:25:9-27:18
20            <action android:name="androidx.camera.extensions.action.VENDOR_ACTION" />
20-->[androidx.camera:camera-extensions:1.1.0-beta02] AndroidManifest.xml:26:13-86
20-->[androidx.camera:camera-extensions:1.1.0-beta02] AndroidManifest.xml:26:21-83
21        </intent>
22    </queries>
23
24    <application
24-->src/main/AndroidManifest.xml:10:5-31:19
25        android:name="com.mnrega_app.MainApplication"
25-->src/main/AndroidManifest.xml:11:7-38
26        android:allowBackup="false"
26-->src/main/AndroidManifest.xml:15:7-34
27        android:appComponentFactory="androidx.core.app.CoreComponentFactory"
27-->[androidx.core:core:1.7.0] AndroidManifest.xml:24:18-86
28        android:icon="@mipmap/ic_launcher"
28-->src/main/AndroidManifest.xml:13:7-41
29        android:label="@string/app_name"
29-->src/main/AndroidManifest.xml:12:7-39
30        android:roundIcon="@mipmap/ic_launcher_round"
30-->src/main/AndroidManifest.xml:14:7-52
31        android:theme="@style/AppTheme"
31-->src/main/AndroidManifest.xml:16:7-38
32        android:usesCleartextTraffic="true" >
32-->src/main/AndroidManifest.xml:17:7-42
33        <activity
33-->src/main/AndroidManifest.xml:19:7-30:18
34            android:name="com.mnrega_app.MainActivity"
34-->src/main/AndroidManifest.xml:20:9-37
35            android:configChanges="keyboard|keyboardHidden|orientation|screenLayout|screenSize|smallestScreenSize|uiMode"
35-->src/main/AndroidManifest.xml:22:9-118
36            android:exported="true"
36-->src/main/AndroidManifest.xml:25:9-32
37            android:label="@string/app_name"
37-->src/main/AndroidManifest.xml:21:9-41
38            android:launchMode="singleTask"
38-->src/main/AndroidManifest.xml:23:9-40
39            android:windowSoftInputMode="adjustResize" >
39-->src/main/AndroidManifest.xml:24:9-51
40            <intent-filter>
40-->src/main/AndroidManifest.xml:26:9-29:25
41                <action android:name="android.intent.action.MAIN" />
41-->src/main/AndroidManifest.xml:27:13-65
41-->src/main/AndroidManifest.xml:27:21-62
42
43                <category android:name="android.intent.category.LAUNCHER" />
43-->src/main/AndroidManifest.xml:28:13-73
43-->src/main/AndroidManifest.xml:28:23-70
44            </intent-filter>
45        </activity>
46
47        <uses-library
47-->[androidx.camera:camera-extensions:1.1.0-beta02] AndroidManifest.xml:31:9-33:40
48            android:name="androidx.camera.extensions.impl"
48-->[androidx.camera:camera-extensions:1.1.0-beta02] AndroidManifest.xml:32:13-59
49            android:required="false" />
49-->[androidx.camera:camera-extensions:1.1.0-beta02] AndroidManifest.xml:33:13-37
50
51        <service
51-->[androidx.camera:camera-camera2:1.1.0-beta02] AndroidManifest.xml:26:9-35:19
52            android:name="androidx.camera.core.impl.MetadataHolderService"
52-->[androidx.camera:camera-camera2:1.1.0-beta02] AndroidManifest.xml:27:13-75
53            android:enabled="false"
53-->[androidx.camera:camera-camera2:1.1.0-beta02] AndroidManifest.xml:28:13-36
54            android:exported="false" >
54-->[androidx.camera:camera-camera2:1.1.0-beta02] AndroidManifest.xml:29:13-37
55            <meta-data
55-->[androidx.camera:camera-camera2:1.1.0-beta02] AndroidManifest.xml:32:13-34:89
56                android:name="androidx.camera.core.impl.MetadataHolderService.DEFAULT_CONFIG_PROVIDER"
56-->[androidx.camera:camera-camera2:1.1.0-beta02] AndroidManifest.xml:33:17-103
57                android:value="androidx.camera.camera2.Camera2Config$DefaultProvider" />
57-->[androidx.camera:camera-camera2:1.1.0-beta02] AndroidManifest.xml:34:17-86
58        </service>
59
60        <provider
60-->[androidx.emoji2:emoji2:1.0.0] AndroidManifest.xml:26:9-34:20
61            android:name="androidx.startup.InitializationProvider"
61-->[androidx.emoji2:emoji2:1.0.0] AndroidManifest.xml:27:13-67
62            android:authorities="com.mnrega_app.androidx-startup"
62-->[androidx.emoji2:emoji2:1.0.0] AndroidManifest.xml:28:13-68
63            android:exported="false" >
63-->[androidx.emoji2:emoji2:1.0.0] AndroidManifest.xml:29:13-37
64            <meta-data
64-->[androidx.emoji2:emoji2:1.0.0] AndroidManifest.xml:31:13-33:52
65                android:name="androidx.emoji2.text.EmojiCompatInitializer"
65-->[androidx.emoji2:emoji2:1.0.0] AndroidManifest.xml:32:17-75
66                android:value="androidx.startup" />
66-->[androidx.emoji2:emoji2:1.0.0] AndroidManifest.xml:33:17-49
67            <meta-data
67-->[androidx.lifecycle:lifecycle-process:2.4.0] AndroidManifest.xml:31:13-33:52
68                android:name="androidx.lifecycle.ProcessLifecycleInitializer"
68-->[androidx.lifecycle:lifecycle-process:2.4.0] AndroidManifest.xml:32:17-78
69                android:value="androidx.startup" />
69-->[androidx.lifecycle:lifecycle-process:2.4.0] AndroidManifest.xml:33:17-49
70        </provider>
71    </application>
72
73</manifest>